<?xml version="1.0" encoding="utf-8"?><testsuites name="pytest tests"><testsuite name="pytest" errors="0" failures="0" skipped="0" tests="16" time="6.880" timestamp="2026-06-02T17:05:28.679898+00:00" hostname="agent-env-f206da6f-cda8-4e5f-94de-5f2415edfc15"><testcase classname="backend.tests.test_auth.TestAuthEndpoints" name="test_01_api_health" time="0.194" /><testcase classname="backend.tests.test_auth.TestAuthEndpoints" name="test_02_register_new_user" time="0.416" /><testcase classname="backend.tests.test_auth.TestAuthEndpoints" name="test_03_register_duplicate_email" time="0.441" /><testcase classname="backend.tests.test_auth.TestAuthEndpoints" name="test_04_login_success" time="0.716" /><testcase classname="backend.tests.test_auth.TestAuthEndpoints" name="test_05_login_invalid_password" time="0.788" /><testcase classname="backend.tests.test_auth.TestAuthEndpoints" name="test_06_login_nonexistent_user" time="0.167" /><testcase classname="backend.tests.test_auth.TestAuthEndpoints" name="test_07_get_current_user_authenticated" time="0.435" /><testcase classname="backend.tests.test_auth.TestAuthEndpoints" name="test_08_get_current_user_unauthenticated" time="0.228" /><testcase classname="backend.tests.test_auth.TestAuthEndpoints" name="test_09_logout" time="0.558" /><testcase classname="backend.tests.test_auth.TestAuthEndpoints" name="test_10_available_players_authenticated" time="0.442" /><testcase classname="backend.tests.test_auth.TestAuthEndpoints" name="test_11_available_players_unauthenticated" time="0.265" /><testcase classname="backend.tests.test_auth.TestAdminLogin" name="test_admin_login" time="0.409" /><testcase classname="backend.tests.test_auth.TestLinkPlayer" name="test_link_player_success" time="0.597" /><testcase classname="backend.tests.test_auth.TestLinkPlayer" name="test_link_nonexistent_player" time="0.473" /><testcase classname="backend.tests.test_auth.TestLinkPlayer" name="test_link_player_unauthenticated" time="0.248" /><testcase classname="backend.tests.test_auth.TestBruteForceProtection" name="test_brute_force_lockout" time="0.419" /></testsuite></testsuites>