<?xml version="1.0" encoding="utf-8"?><testsuites name="pytest tests"><testsuite name="pytest" errors="0" failures="0" skipped="0" tests="8" time="2.956" timestamp="2026-04-21T18:35:13.037648+00:00" hostname="agent-env-f206da6f-cda8-4e5f-94de-5f2415edfc15"><testcase classname="backend.tests.test_delete_score.TestDeleteScoreEndpoint" name="test_delete_score_returns_404_for_nonexistent_score" time="0.257" /><testcase classname="backend.tests.test_delete_score.TestDeleteScoreEndpoint" name="test_delete_score_endpoint_exists" time="0.105" /><testcase classname="backend.tests.test_delete_score.TestDeleteScoreEndpoint" name="test_create_and_delete_score_flow" time="0.426" /><testcase classname="backend.tests.test_delete_score.TestDeleteScoreEndpoint" name="test_delete_score_recalculates_handicap" time="0.490" /><testcase classname="backend.tests.test_delete_score.TestDeleteScoreEndpoint" name="test_delete_score_removes_from_leaderboard" time="0.513" /><testcase classname="backend.tests.test_delete_score.TestDeleteRoundCascade" name="test_delete_round_removes_scores_and_recalculates_handicaps" time="0.754" /><testcase classname="backend.tests.test_delete_score.TestExistingScoreData" name="test_existing_scores_are_accessible" time="0.119" /><testcase classname="backend.tests.test_delete_score.TestExistingScoreData" name="test_player_handicap_history_contains_round_entries" time="0.123" /></testsuite></testsuites>