<?xml version="1.0" encoding="utf-8"?><testsuites name="pytest tests"><testsuite name="pytest" errors="0" failures="0" skipped="0" tests="13" time="6.573" timestamp="2026-04-10T17:28:27.328467+00:00" hostname="agent-env-f206da6f-cda8-4e5f-94de-5f2415edfc15"><testcase classname="backend.tests.test_edit_competition.TestEditCompetition" name="test_update_competition_name" time="0.716" /><testcase classname="backend.tests.test_edit_competition.TestEditCompetition" name="test_update_competition_description" time="0.502" /><testcase classname="backend.tests.test_edit_competition.TestEditCompetition" name="test_update_competition_start_date" time="0.469" /><testcase classname="backend.tests.test_edit_competition.TestEditCompetition" name="test_update_competition_end_date" time="0.521" /><testcase classname="backend.tests.test_edit_competition.TestEditCompetition" name="test_update_competition_min_rounds" time="0.528" /><testcase classname="backend.tests.test_edit_competition.TestEditCompetition" name="test_update_multiple_fields" time="0.519" /><testcase classname="backend.tests.test_edit_competition.TestEditCompetition" name="test_update_nonexistent_competition" time="0.363" /><testcase classname="backend.tests.test_edit_competition.TestEditCompetition" name="test_update_with_empty_payload" time="0.705" /><testcase classname="backend.tests.test_edit_competition.TestEditCompetition" name="test_update_preserves_unchanged_fields" time="0.430" /><testcase classname="backend.tests.test_edit_competition.TestEditCompetition" name="test_update_status_field" time="0.519" /><testcase classname="backend.tests.test_edit_competition.TestEditCompetitionEdgeCases" name="test_update_with_null_dates" time="0.467" /><testcase classname="backend.tests.test_edit_competition.TestEditCompetitionEdgeCases" name="test_update_with_empty_string_description" time="0.325" /><testcase classname="backend.tests.test_edit_competition.TestEditCompetitionEdgeCases" name="test_update_min_rounds_boundary" time="0.441" /></testsuite></testsuites>