<?xml version="1.0" encoding="utf-8"?><testsuites name="pytest tests"><testsuite name="pytest" errors="0" failures="0" skipped="0" tests="16" time="2.013" timestamp="2026-04-10T17:17:00.221769+00:00" hostname="agent-env-f206da6f-cda8-4e5f-94de-5f2415edfc15"><testcase classname="backend.tests.test_invite_links.TestCreateInviteLink" name="test_admin_can_create_invite_with_default_expiry" time="0.613" /><testcase classname="backend.tests.test_invite_links.TestCreateInviteLink" name="test_admin_can_create_invite_with_custom_expiry" time="0.053" /><testcase classname="backend.tests.test_invite_links.TestCreateInviteLink" name="test_non_admin_cannot_create_invite" time="0.067" /><testcase classname="backend.tests.test_invite_links.TestListInvites" name="test_admin_can_list_invites" time="0.053" /><testcase classname="backend.tests.test_invite_links.TestListInvites" name="test_non_admin_cannot_list_invites" time="0.058" /><testcase classname="backend.tests.test_invite_links.TestGetInviteByCode" name="test_get_valid_invite_by_code" time="0.072" /><testcase classname="backend.tests.test_invite_links.TestGetInviteByCode" name="test_get_invalid_invite_code_returns_404" time="0.056" /><testcase classname="backend.tests.test_invite_links.TestJoinViaInvite" name="test_new_user_can_join_via_invite" time="0.108" /><testcase classname="backend.tests.test_invite_links.TestJoinViaInvite" name="test_existing_user_can_join_via_invite" time="0.154" /><testcase classname="backend.tests.test_invite_links.TestJoinViaInvite" name="test_join_with_invalid_code_returns_404" time="0.067" /><testcase classname="backend.tests.test_invite_links.TestRevokeInvite" name="test_admin_can_revoke_invite" time="0.165" /><testcase classname="backend.tests.test_invite_links.TestRevokeInvite" name="test_non_admin_cannot_revoke_invite" time="0.096" /><testcase classname="backend.tests.test_invite_links.TestExistingInviteData" name="test_get_existing_invite" time="0.046" /><testcase classname="backend.tests.test_invite_links.TestExistingInviteData" name="test_existing_society_invites" time="0.056" /><testcase classname="backend.tests.test_invite_links.TestInviteNotFound" name="test_revoke_nonexistent_invite" time="0.052" /><testcase classname="backend.tests.test_invite_links.TestInviteNotFound" name="test_create_invite_nonexistent_society" time="0.216" /></testsuite></testsuites>