<?xml version="1.0" encoding="utf-8"?><testsuites name="pytest tests"><testsuite name="pytest" errors="0" failures="0" skipped="0" tests="14" time="1.955" timestamp="2026-04-10T16:56:06.675890+00:00" hostname="agent-env-f206da6f-cda8-4e5f-94de-5f2415edfc15"><testcase classname="backend.tests.test_society_admin.TestSocietyUpdateName" name="test_admin_can_update_society_name" time="0.659" /><testcase classname="backend.tests.test_society_admin.TestSocietyUpdateName" name="test_non_admin_cannot_update_society_name" time="0.066" /><testcase classname="backend.tests.test_society_admin.TestSocietyRegenerateCode" name="test_admin_can_regenerate_join_code" time="0.124" /><testcase classname="backend.tests.test_society_admin.TestSocietyRegenerateCode" name="test_non_admin_cannot_regenerate_join_code" time="0.049" /><testcase classname="backend.tests.test_society_admin.TestRemoveMember" name="test_admin_can_remove_member" time="0.105" /><testcase classname="backend.tests.test_society_admin.TestRemoveMember" name="test_admin_cannot_remove_self" time="0.047" /><testcase classname="backend.tests.test_society_admin.TestRemoveMember" name="test_non_admin_cannot_remove_member" time="0.047" /><testcase classname="backend.tests.test_society_admin.TestTransferAdmin" name="test_admin_can_transfer_admin_rights" time="0.204" /><testcase classname="backend.tests.test_society_admin.TestTransferAdmin" name="test_non_admin_cannot_transfer_admin" time="0.052" /><testcase classname="backend.tests.test_society_admin.TestSocietyNotFound" name="test_update_nonexistent_society" time="0.048" /><testcase classname="backend.tests.test_society_admin.TestSocietyNotFound" name="test_remove_member_nonexistent_society" time="0.056" /><testcase classname="backend.tests.test_society_admin.TestSocietyNotFound" name="test_transfer_admin_nonexistent_society" time="0.050" /><testcase classname="backend.tests.test_society_admin.TestExistingSocietyData" name="test_get_existing_society" time="0.057" /><testcase classname="backend.tests.test_society_admin.TestExistingSocietyData" name="test_get_existing_players" time="0.220" /></testsuite></testsuites>