<?xml version="1.0" encoding="utf-8"?><testsuites name="pytest tests"><testsuite name="pytest" errors="0" failures="0" skipped="0" tests="10" time="6.771" timestamp="2026-04-21T19:50:35.996897+00:00" hostname="agent-env-f206da6f-cda8-4e5f-94de-5f2415edfc15"><testcase classname="backend.tests.test_score_toggles.TestScoreToggleComp" name="test_toggle_comp_endpoint_exists" time="1.138" /><testcase classname="backend.tests.test_score_toggles.TestScoreToggleComp" name="test_toggle_comp_returns_correct_response" time="0.684" /><testcase classname="backend.tests.test_score_toggles.TestScoreToggleComp" name="test_toggle_comp_affects_leaderboard" time="0.862" /><testcase classname="backend.tests.test_score_toggles.TestScoreToggleComp" name="test_toggle_comp_404_for_invalid_score" time="0.139" /><testcase classname="backend.tests.test_score_toggles.TestScoreToggleHandicap" name="test_toggle_handicap_endpoint_exists" time="0.762" /><testcase classname="backend.tests.test_score_toggles.TestScoreToggleHandicap" name="test_toggle_handicap_returns_correct_response" time="0.507" /><testcase classname="backend.tests.test_score_toggles.TestScoreToggleHandicap" name="test_toggle_handicap_affects_player_handicap" time="1.034" /><testcase classname="backend.tests.test_score_toggles.TestScoreToggleHandicap" name="test_toggle_handicap_404_for_invalid_score" time="0.153" /><testcase classname="backend.tests.test_score_toggles.TestScoreToggleIntegration" name="test_score_has_toggle_fields" time="0.249" /><testcase classname="backend.tests.test_score_toggles.TestScoreToggleIntegration" name="test_toggle_comp_and_handicap_independently" time="1.133" /></testsuite></testsuites>